Arguments: 
  /Users/spalak/.nvm/versions/node/v12.14.0/bin/node /Users/spalak/.nvm/versions/node/v12.14.0/bin/yarn install

PATH: 
  /Users/spalak/.nvm/versions/node/v12.14.0/bin:/opt/apache-maven-3.6.3/bin:/usr/local/bin:/usr/bin:/bin:/usr/sbin:/sbin

Yarn version: 
  1.21.1

Node version: 
  12.14.0

Platform: 
  darwin x64

Trace: 
  SyntaxError: /Users/Shared/code/test/nodejs-app/package.json: Unexpected token } in JSON at position 270
      at JSON.parse (<anonymous>)
      at /Users/spalak/.nvm/versions/node/v12.14.0/lib/node_modules/yarn/lib/cli.js:1625:59
      at Generator.next (<anonymous>)
      at step (/Users/spalak/.nvm/versions/node/v12.14.0/lib/node_modules/yarn/lib/cli.js:310:30)
      at /Users/spalak/.nvm/versions/node/v12.14.0/lib/node_modules/yarn/lib/cli.js:321:13

npm manifest: 
  {
    "name": "nodejs-app",
    "version": "1.0.0",
    "description": "Hello World sample app",
    "main": "index.js",
    "scripts": {
      "start": "node index.js",
      "test": "echo \"Error: no test specified\" && exit 1"
    },
    "author": "sripalakodety",
    "license": "MIT",
  }

yarn manifest: 
  No manifest

Lockfile: 
  # THIS IS AN AUTOGENERATED FILE. DO NOT EDIT THIS FILE DIRECTLY.
  # yarn lockfile v1
